2024-02-15 19:48:53
Status: 400
Message: Nagy a baaajaaaaa!
Error: Nagy a baaajaaaaa!
    at Module.customError (/Volumes/Data/Work/projects/javascript/svelte/project-02/src/lib/server/errorLog.ts:28:11)
    at load (/Volumes/Data/Work/projects/javascript/svelte/project-02/src/routes/(main)/[[lang=lang]]/elso/+page.server.ts:8:35)
    at async Module.load_server_data (/Volumes/Data/Work/projects/javascript/svelte/project-02/node_modules/@sveltejs/kit/src/runtime/server/page/load_data.js:50:18)
    at async Promise.all (index 2)
    at async Module.render_data (/Volumes/Data/Work/projects/javascript/svelte/project-02/node_modules/@sveltejs/kit/src/runtime/server/data/index.js:110:17)
    at async resolve (/Volumes/Data/Work/projects/javascript/svelte/project-02/node_modules/@sveltejs/kit/src/runtime/server/respond.js:444:17)
    at async Object.handle (/Volumes/Data/Work/projects/javascript/svelte/project-02/src/hooks.server.ts:39:20)
    at async Module.respond (/Volumes/Data/Work/projects/javascript/svelte/project-02/node_modules/@sveltejs/kit/src/runtime/server/respond.js:330:20)
    at async file:///Volumes/Data/Work/projects/javascript/svelte/project-02/node_modules/@sveltejs/kit/src/exports/vite/dev/index.js:524:22
---------------------------------------
2024-02-15 19:48:53
Status: 400
Message: Nagy a baaajaaaaa!
Error: Nagy a baaajaaaaa!
    at Module.customError (/Volumes/Data/Work/projects/javascript/svelte/project-02/src/lib/server/errorLog.ts:28:11)
    at load (/Volumes/Data/Work/projects/javascript/svelte/project-02/src/routes/(main)/[[lang=lang]]/elso/+page.server.ts:8:35)
    at process.processTicksAndRejections (node:internal/process/task_queues:95:5)
    at async Module.load_server_data (/Volumes/Data/Work/projects/javascript/svelte/project-02/node_modules/@sveltejs/kit/src/runtime/server/page/load_data.js:50:18)
    at async Promise.all (index 2)
    at async Module.render_data (/Volumes/Data/Work/projects/javascript/svelte/project-02/node_modules/@sveltejs/kit/src/runtime/server/data/index.js:110:17)
    at async resolve (/Volumes/Data/Work/projects/javascript/svelte/project-02/node_modules/@sveltejs/kit/src/runtime/server/respond.js:444:17)
    at async Object.handle (/Volumes/Data/Work/projects/javascript/svelte/project-02/src/hooks.server.ts:39:20)
    at async Module.respond (/Volumes/Data/Work/projects/javascript/svelte/project-02/node_modules/@sveltejs/kit/src/runtime/server/respond.js:330:20)
    at async file:///Volumes/Data/Work/projects/javascript/svelte/project-02/node_modules/@sveltejs/kit/src/exports/vite/dev/index.js:524:22
---------------------------------------
2024-02-15 19:48:54
Status: 400
Message: Nagy a baaajaaaaa!
Error: Nagy a baaajaaaaa!
    at Module.customError (/Volumes/Data/Work/projects/javascript/svelte/project-02/src/lib/server/errorLog.ts:28:11)
    at load (/Volumes/Data/Work/projects/javascript/svelte/project-02/src/routes/(main)/[[lang=lang]]/elso/+page.server.ts:8:35)
    at process.processTicksAndRejections (node:internal/process/task_queues:95:5)
    at async Module.load_server_data (/Volumes/Data/Work/projects/javascript/svelte/project-02/node_modules/@sveltejs/kit/src/runtime/server/page/load_data.js:50:18)
    at async Promise.all (index 2)
    at async Module.render_data (/Volumes/Data/Work/projects/javascript/svelte/project-02/node_modules/@sveltejs/kit/src/runtime/server/data/index.js:110:17)
    at async resolve (/Volumes/Data/Work/projects/javascript/svelte/project-02/node_modules/@sveltejs/kit/src/runtime/server/respond.js:444:17)
    at async Object.handle (/Volumes/Data/Work/projects/javascript/svelte/project-02/src/hooks.server.ts:39:20)
    at async Module.respond (/Volumes/Data/Work/projects/javascript/svelte/project-02/node_modules/@sveltejs/kit/src/runtime/server/respond.js:330:20)
    at async file:///Volumes/Data/Work/projects/javascript/svelte/project-02/node_modules/@sveltejs/kit/src/exports/vite/dev/index.js:524:22
---------------------------------------
2024-02-15 19:48:54
Status: 400
Message: Nagy a baaajaaaaa!
Error: Nagy a baaajaaaaa!
    at Module.customError (/Volumes/Data/Work/projects/javascript/svelte/project-02/src/lib/server/errorLog.ts:28:11)
    at load (/Volumes/Data/Work/projects/javascript/svelte/project-02/src/routes/(main)/[[lang=lang]]/elso/+page.server.ts:8:35)
    at process.processTicksAndRejections (node:internal/process/task_queues:95:5)
    at async Module.load_server_data (/Volumes/Data/Work/projects/javascript/svelte/project-02/node_modules/@sveltejs/kit/src/runtime/server/page/load_data.js:50:18)
    at async Promise.all (index 2)
    at async Module.render_data (/Volumes/Data/Work/projects/javascript/svelte/project-02/node_modules/@sveltejs/kit/src/runtime/server/data/index.js:110:17)
    at async resolve (/Volumes/Data/Work/projects/javascript/svelte/project-02/node_modules/@sveltejs/kit/src/runtime/server/respond.js:444:17)
    at async Object.handle (/Volumes/Data/Work/projects/javascript/svelte/project-02/src/hooks.server.ts:39:20)
    at async Module.respond (/Volumes/Data/Work/projects/javascript/svelte/project-02/node_modules/@sveltejs/kit/src/runtime/server/respond.js:330:20)
    at async file:///Volumes/Data/Work/projects/javascript/svelte/project-02/node_modules/@sveltejs/kit/src/exports/vite/dev/index.js:524:22
---------------------------------------
2024-02-15 19:50:43
Status: 400
Message: Nagy a baaajaaaaa!
Error: Nagy a baaajaaaaa!
    at Module.customError (/Volumes/Data/Work/projects/javascript/svelte/project-02/src/lib/server/errorLog.ts:28:11)
    at load (/Volumes/Data/Work/projects/javascript/svelte/project-02/src/routes/(main)/[[lang=lang]]/elso/+page.server.ts:8:35)
    at process.processTicksAndRejections (node:internal/process/task_queues:95:5)
    at async Module.load_server_data (/Volumes/Data/Work/projects/javascript/svelte/project-02/node_modules/@sveltejs/kit/src/runtime/server/page/load_data.js:50:18)
    at async Promise.all (index 2)
    at async Module.render_data (/Volumes/Data/Work/projects/javascript/svelte/project-02/node_modules/@sveltejs/kit/src/runtime/server/data/index.js:110:17)
    at async resolve (/Volumes/Data/Work/projects/javascript/svelte/project-02/node_modules/@sveltejs/kit/src/runtime/server/respond.js:444:17)
    at async Object.handle (/Volumes/Data/Work/projects/javascript/svelte/project-02/src/hooks.server.ts:39:20)
    at async Module.respond (/Volumes/Data/Work/projects/javascript/svelte/project-02/node_modules/@sveltejs/kit/src/runtime/server/respond.js:330:20)
    at async file:///Volumes/Data/Work/projects/javascript/svelte/project-02/node_modules/@sveltejs/kit/src/exports/vite/dev/index.js:524:22
---------------------------------------
2024-02-15 19:53:06
Status: 400
Message: Nagy a baaajaaaaa!
Error: Nagy a baaajaaaaa!
    at Module.customError (/Volumes/Data/Work/projects/javascript/svelte/project-02/src/lib/server/errorLog.ts:28:11)
    at load (/Volumes/Data/Work/projects/javascript/svelte/project-02/src/routes/(main)/[[lang=lang]]/elso/+page.server.ts:8:35)
    at async Module.load_server_data (/Volumes/Data/Work/projects/javascript/svelte/project-02/node_modules/@sveltejs/kit/src/runtime/server/page/load_data.js:50:18)
    at async eval (/Volumes/Data/Work/projects/javascript/svelte/project-02/node_modules/@sveltejs/kit/src/runtime/server/page/index.js:150:13)
---------------------------------------
2024-02-15 19:54:14
Status: 400
Message: Nagy a baaajaaaaa!
Error: Nagy a baaajaaaaa!
    at Module.customError (/Volumes/Data/Work/projects/javascript/svelte/project-02/src/lib/server/errorLog.ts:28:11)
    at load (/Volumes/Data/Work/projects/javascript/svelte/project-02/src/routes/(main)/[[lang=lang]]/elso/+page.server.ts:8:35)
    at process.processTicksAndRejections (node:internal/process/task_queues:95:5)
    at async Module.load_server_data (/Volumes/Data/Work/projects/javascript/svelte/project-02/node_modules/@sveltejs/kit/src/runtime/server/page/load_data.js:50:18)
    at async eval (/Volumes/Data/Work/projects/javascript/svelte/project-02/node_modules/@sveltejs/kit/src/runtime/server/page/index.js:150:13)
---------------------------------------
