2024-02-15 19:48:57
Status: 404
Message: Not found: /proba/harmadik
Error: Not found: /proba/harmadik
    at resolve (/Volumes/Data/Work/projects/javascript/svelte/project-02/node_modules/@sveltejs/kit/src/runtime/server/respond.js:522:13)
    at resolve (/Volumes/Data/Work/projects/javascript/svelte/project-02/node_modules/@sveltejs/kit/src/runtime/server/respond.js:322:5)
    at Object.handle (/Volumes/Data/Work/projects/javascript/svelte/project-02/src/hooks.server.ts:48:25)
    at Module.respond (/Volumes/Data/Work/projects/javascript/svelte/project-02/node_modules/@sveltejs/kit/src/runtime/server/respond.js:319:40)
    at process.processTicksAndRejections (node:internal/process/task_queues:95:5)
    at async file:///Volumes/Data/Work/projects/javascript/svelte/project-02/node_modules/@sveltejs/kit/src/exports/vite/dev/index.js:524:22
---------------------------------------
2024-02-15 19:53:06
Status: 500
Message: [postcss] /Volumes/Data/Work/projects/javascript/svelte/project-02/src/app.css:1:1: The `border-border` class does not exist. If `border-border` is a custom class, make sure it is defined within a `@layer` directive.
CssSyntaxError: [postcss] /Volumes/Data/Work/projects/javascript/svelte/project-02/src/app.css:1:1: The `border-border` class does not exist. If `border-border` is a custom class, make sure it is defined within a `@layer` directive.
    at Input.error (/Volumes/Data/Work/projects/javascript/svelte/project-02/node_modules/postcss/lib/input.js:106:16)
    at AtRule.error (/Volumes/Data/Work/projects/javascript/svelte/project-02/node_modules/postcss/lib/node.js:115:32)
    at processApply (/Volumes/Data/Work/projects/javascript/svelte/project-02/node_modules/tailwindcss/lib/lib/expandApplyAtRules.js:380:29)
    at /Volumes/Data/Work/projects/javascript/svelte/project-02/node_modules/tailwindcss/lib/lib/expandApplyAtRules.js:538:9
    at /Volumes/Data/Work/projects/javascript/svelte/project-02/node_modules/tailwindcss/lib/processTailwindFeatures.js:57:50
    at async plugins (/Volumes/Data/Work/projects/javascript/svelte/project-02/node_modules/tailwindcss/lib/plugin.js:38:17)
    at async LazyResult.runAsync (/Volumes/Data/Work/projects/javascript/svelte/project-02/node_modules/postcss/lib/lazy-result.js:261:11)
    at async compileCSS (file:///Volumes/Data/Work/projects/javascript/svelte/project-02/node_modules/vite/dist/node/chunks/dep-stQc5rCc.js:31977:25)
    at async TransformContext.transform (file:///Volumes/Data/Work/projects/javascript/svelte/project-02/node_modules/vite/dist/node/chunks/dep-stQc5rCc.js:31292:56)
    at async Object.transform (file:///Volumes/Data/Work/projects/javascript/svelte/project-02/node_modules/vite/dist/node/chunks/dep-stQc5rCc.js:50809:30)
---------------------------------------
2024-02-15 19:53:06
Status: 500
Message: [postcss] /Volumes/Data/Work/projects/javascript/svelte/project-02/src/app.css:1:1: The `border-border` class does not exist. If `border-border` is a custom class, make sure it is defined within a `@layer` directive.
CssSyntaxError: [postcss] /Volumes/Data/Work/projects/javascript/svelte/project-02/src/app.css:1:1: The `border-border` class does not exist. If `border-border` is a custom class, make sure it is defined within a `@layer` directive.
    at Input.error (/Volumes/Data/Work/projects/javascript/svelte/project-02/node_modules/postcss/lib/input.js:106:16)
    at AtRule.error (/Volumes/Data/Work/projects/javascript/svelte/project-02/node_modules/postcss/lib/node.js:115:32)
    at processApply (/Volumes/Data/Work/projects/javascript/svelte/project-02/node_modules/tailwindcss/lib/lib/expandApplyAtRules.js:380:29)
    at /Volumes/Data/Work/projects/javascript/svelte/project-02/node_modules/tailwindcss/lib/lib/expandApplyAtRules.js:538:9
    at /Volumes/Data/Work/projects/javascript/svelte/project-02/node_modules/tailwindcss/lib/processTailwindFeatures.js:57:50
    at async plugins (/Volumes/Data/Work/projects/javascript/svelte/project-02/node_modules/tailwindcss/lib/plugin.js:38:17)
    at async LazyResult.runAsync (/Volumes/Data/Work/projects/javascript/svelte/project-02/node_modules/postcss/lib/lazy-result.js:261:11)
    at async compileCSS (file:///Volumes/Data/Work/projects/javascript/svelte/project-02/node_modules/vite/dist/node/chunks/dep-stQc5rCc.js:31977:25)
    at async TransformContext.transform (file:///Volumes/Data/Work/projects/javascript/svelte/project-02/node_modules/vite/dist/node/chunks/dep-stQc5rCc.js:31292:56)
    at async Object.transform (file:///Volumes/Data/Work/projects/javascript/svelte/project-02/node_modules/vite/dist/node/chunks/dep-stQc5rCc.js:50809:30)
---------------------------------------
2024-02-15 19:53:06
Status: 404
Message: Not found: /favicon.ico
Error: Not found: /favicon.ico
    at resolve (/Volumes/Data/Work/projects/javascript/svelte/project-02/node_modules/@sveltejs/kit/src/runtime/server/respond.js:522:13)
    at resolve (/Volumes/Data/Work/projects/javascript/svelte/project-02/node_modules/@sveltejs/kit/src/runtime/server/respond.js:322:5)
    at Object.handle (/Volumes/Data/Work/projects/javascript/svelte/project-02/src/hooks.server.ts:48:25)
    at Module.respond (/Volumes/Data/Work/projects/javascript/svelte/project-02/node_modules/@sveltejs/kit/src/runtime/server/respond.js:319:40)
    at process.processTicksAndRejections (node:internal/process/task_queues:95:5)
    at async file:///Volumes/Data/Work/projects/javascript/svelte/project-02/node_modules/@sveltejs/kit/src/exports/vite/dev/index.js:524:22
---------------------------------------
2024-02-15 19:53:06
Status: 500
Message: [postcss] /Volumes/Data/Work/projects/javascript/svelte/project-02/src/app.css:1:1: The `border-border` class does not exist. If `border-border` is a custom class, make sure it is defined within a `@layer` directive.
CssSyntaxError: [postcss] /Volumes/Data/Work/projects/javascript/svelte/project-02/src/app.css:1:1: The `border-border` class does not exist. If `border-border` is a custom class, make sure it is defined within a `@layer` directive.
    at Input.error (/Volumes/Data/Work/projects/javascript/svelte/project-02/node_modules/postcss/lib/input.js:106:16)
    at AtRule.error (/Volumes/Data/Work/projects/javascript/svelte/project-02/node_modules/postcss/lib/node.js:115:32)
    at processApply (/Volumes/Data/Work/projects/javascript/svelte/project-02/node_modules/tailwindcss/lib/lib/expandApplyAtRules.js:380:29)
    at /Volumes/Data/Work/projects/javascript/svelte/project-02/node_modules/tailwindcss/lib/lib/expandApplyAtRules.js:538:9
    at /Volumes/Data/Work/projects/javascript/svelte/project-02/node_modules/tailwindcss/lib/processTailwindFeatures.js:57:50
    at async plugins (/Volumes/Data/Work/projects/javascript/svelte/project-02/node_modules/tailwindcss/lib/plugin.js:38:17)
    at async LazyResult.runAsync (/Volumes/Data/Work/projects/javascript/svelte/project-02/node_modules/postcss/lib/lazy-result.js:261:11)
    at async compileCSS (file:///Volumes/Data/Work/projects/javascript/svelte/project-02/node_modules/vite/dist/node/chunks/dep-stQc5rCc.js:31977:25)
    at async TransformContext.transform (file:///Volumes/Data/Work/projects/javascript/svelte/project-02/node_modules/vite/dist/node/chunks/dep-stQc5rCc.js:31292:56)
    at async Object.transform (file:///Volumes/Data/Work/projects/javascript/svelte/project-02/node_modules/vite/dist/node/chunks/dep-stQc5rCc.js:50809:30)
---------------------------------------
2024-02-15 19:54:23
Status: 404
Message: Not found: /proba/harmadik
Error: Not found: /proba/harmadik
    at resolve (/Volumes/Data/Work/projects/javascript/svelte/project-02/node_modules/@sveltejs/kit/src/runtime/server/respond.js:522:13)
    at resolve (/Volumes/Data/Work/projects/javascript/svelte/project-02/node_modules/@sveltejs/kit/src/runtime/server/respond.js:322:5)
    at Object.handle (/Volumes/Data/Work/projects/javascript/svelte/project-02/src/hooks.server.ts:48:25)
    at Module.respond (/Volumes/Data/Work/projects/javascript/svelte/project-02/node_modules/@sveltejs/kit/src/runtime/server/respond.js:319:40)
    at process.processTicksAndRejections (node:internal/process/task_queues:95:5)
    at async file:///Volumes/Data/Work/projects/javascript/svelte/project-02/node_modules/@sveltejs/kit/src/exports/vite/dev/index.js:524:22
---------------------------------------
2024-02-15 19:55:52
Status: 404
Message: Not found: /proba/harmadik
Error: Not found: /proba/harmadik
    at resolve (/Volumes/Data/Work/projects/javascript/svelte/project-02/node_modules/@sveltejs/kit/src/runtime/server/respond.js:522:13)
    at resolve (/Volumes/Data/Work/projects/javascript/svelte/project-02/node_modules/@sveltejs/kit/src/runtime/server/respond.js:322:5)
    at Object.handle (/Volumes/Data/Work/projects/javascript/svelte/project-02/src/hooks.server.ts:48:25)
    at Module.respond (/Volumes/Data/Work/projects/javascript/svelte/project-02/node_modules/@sveltejs/kit/src/runtime/server/respond.js:319:40)
    at process.processTicksAndRejections (node:internal/process/task_queues:95:5)
    at async file:///Volumes/Data/Work/projects/javascript/svelte/project-02/node_modules/@sveltejs/kit/src/exports/vite/dev/index.js:524:22
---------------------------------------
